[15:04:24] [main/INFO]: Setting user: Player550
[15:04:26] [Client thread/INFO]: LWJGL Version: 2.9.1
[15:04:33] [Client thread/INFO]: Reloading ResourceManager: Default, FMLFileResourcePack:Forge Mod Loader, FMLFileResourcePack:Minecraft Forge, FMLFileResourcePack:Screaming Pumpkin Mod
[15:04:34] [Sound Library Loader/INFO]: Sound engine started
[15:04:35] [Client thread/INFO]: Created: 16x16 textures/blocks-atlas
[15:04:35] [Client thread/INFO]: Created: 16x16 textures/items-atlas
[15:04:35] [Client thread/INFO]: Reloading ResourceManager: Default, FMLFileResourcePack:Forge Mod Loader, FMLFileResourcePack:Minecraft Forge, FMLFileResourcePack:Screaming Pumpkin Mod
[15:04:35] [Client thread/INFO]: Created: 512x256 textures/blocks-atlas
[15:04:35] [Client thread/INFO]: Created: 256x256 textures/items-atlas
[15:04:36] [Sound Library Loader/INFO]: Sound engine started
[15:05:46] [Server thread/INFO]: Starting integrated minecraft server version 1.7.10
[15:05:46] [Server thread/INFO]: Generating keypair
[15:05:47] [Server thread/INFO]: Preparing start region for level 0
[15:05:47] [Server thread/INFO]: Changing view distance to 12, from 10
[15:05:48] [Server thread/INFO]: Player550[local:E:ab038f45] logged in with entity id 264 at (-497.86807953098486, 70.30258345634952, 361.020713723686)
[15:05:48] [Server thread/INFO]: Player550 joined the game
[15:06:22] [Server thread/INFO]: Player550 has just earned the achievement [Taking Inventory]
[15:06:22] [Client thread/INFO]: [CHAT] Player550 has just earned the achievement [Taking Inventory]
[15:06:47] [Client thread/INFO]: Warning: Clientside chunk ticking took 157 ms
[15:06:56] [Client thread/INFO]: Warning: Clientside chunk ticking took 101 ms
[15:06:58] [Client thread/INFO]: Warning: Clientside chunk ticking took 106 ms
[15:06:58] [Client thread/INFO]: Warning: Clientside chunk ticking took 110 ms
[15:07:35] [Server thread/INFO]: Saving and pausing game...
[15:07:35] [Server thread/INFO]: Saving chunks for level 'New World'/Overworld
[15:07:35] [Server thread/INFO]: Saving chunks for level 'New World'/Nether
[15:07:35] [Server thread/INFO]: Saving chunks for level 'New World'/The End
[15:08:10] [Server thread/INFO]: Saving and pausing game...
[15:08:10] [Server thread/INFO]: Saving chunks for level 'New World'/Overworld
[15:08:10] [Server thread/INFO]: Saving chunks for level 'New World'/Nether
[15:08:10] [Server thread/INFO]: Saving chunks for level 'New World'/The End
[15:08:11] [Client thread/INFO]: Stopping!
[15:08:11] [Server thread/INFO]: Stopping server
[15:08:11] [Server thread/INFO]: Saving players
[15:08:11] [Server thread/INFO]: Saving worlds
[15:08:11] [Server thread/INFO]: Saving chunks for level 'New World'/Overworld
[15:08:11] [Server thread/INFO]: Saving chunks for level 'New World'/Nether
[15:08:11] [Server thread/INFO]: Saving chunks for level 'New World'/The End
